<?xml version="1.0" encoding="UTF-8"?>
<testng-results ignored="0" total="5" passed="4" failed="1" skipped="0">
  <reporter-output>
  </reporter-output>
  <suite started-at="2024-05-15T20:38:52 OESZ" name="Default suite" finished-at="2024-05-15T20:39:04 OESZ" duration-ms="11856">
    <groups>
    </groups>
    <test started-at="2024-05-15T20:38:52 OESZ" name="Default test" finished-at="2024-05-15T20:39:04 OESZ" duration-ms="11856">
      <class name="curs17.SeleniumLocators">
        <test-method is-config="true" signature="setup()[pri:0, instance:curs17.SeleniumLocators@57cf54e1]" started-at="2024-05-15T20:38:52 OESZ" name="setup" finished-at="2024-05-15T20:38:57 OESZ" duration-ms="4126" status="PASS">
          <reporter-output>
          </reporter-output>
        </test-method> <!-- setup -->
        <test-method signature="tagnameLocator()[pri:1, instance:curs17.SeleniumLocators@57cf54e1]" started-at="2024-05-15T20:38:57 OESZ" name="tagnameLocator" finished-at="2024-05-15T20:38:57 OESZ" duration-ms="60" status="PASS">
          <reporter-output>
          </reporter-output>
        </test-method> <!-- tagnameLocator -->
        <test-method signature="linkTextLocator()[pri:2, instance:curs17.SeleniumLocators@57cf54e1]" started-at="2024-05-15T20:38:57 OESZ" name="linkTextLocator" finished-at="2024-05-15T20:38:58 OESZ" duration-ms="1747" status="PASS">
          <reporter-output>
          </reporter-output>
        </test-method> <!-- linkTextLocator -->
        <test-method signature="partialLinkTextLocator()[pri:3, instance:curs17.SeleniumLocators@57cf54e1]" started-at="2024-05-15T20:38:58 OESZ" name="partialLinkTextLocator" finished-at="2024-05-15T20:38:59 OESZ" duration-ms="678" status="PASS">
          <reporter-output>
          </reporter-output>
        </test-method> <!-- partialLinkTextLocator -->
        <test-method signature="classNameLocator()[pri:4, instance:curs17.SeleniumLocators@57cf54e1]" started-at="2024-05-15T20:38:59 OESZ" name="classNameLocator" finished-at="2024-05-15T20:38:59 OESZ" duration-ms="28" status="PASS">
          <reporter-output>
          </reporter-output>
        </test-method> <!-- classNameLocator -->
        <test-method signature="idLocator()[pri:5, instance:curs17.SeleniumLocators@57cf54e1]" started-at="2024-05-15T20:38:59 OESZ" name="idLocator" finished-at="2024-05-15T20:38:59 OESZ" duration-ms="31" status="FAIL">
          <exception class="java.lang.AssertionError">
            <message>
              <![CDATA[expected [true] but found [false]]]>
            </message>
            <full-stacktrace>
              <![CDATA[java.lang.AssertionError: expected [true] but found [false]
at org.testng.Assert.fail(Assert.java:99)
at org.testng.Assert.failNotEquals(Assert.java:1037)
at org.testng.Assert.assertTrue(Assert.java:45)
at org.testng.Assert.assertTrue(Assert.java:55)
at curs17.SeleniumLocators.idLocator(SeleniumLocators.java:100)
at java.base/jdk.internal.reflect.NativeMethodAccessorImpl.invoke0(Native Method)
at java.base/jdk.internal.reflect.NativeMethodAccessorImpl.invoke(NativeMethodAccessorImpl.java:77)
at java.base/jdk.internal.reflect.DelegatingMethodAccessorImpl.invoke(DelegatingMethodAccessorImpl.java:43)
at java.base/java.lang.reflect.Method.invoke(Method.java:568)
at org.testng.internal.MethodInvocationHelper.invokeMethod(MethodInvocationHelper.java:133)
at org.testng.internal.TestInvoker.invokeMethod(TestInvoker.java:598)
at org.testng.internal.TestInvoker.invokeTestMethod(TestInvoker.java:173)
at org.testng.internal.MethodRunner.runInSequence(MethodRunner.java:46)
at org.testng.internal.TestInvoker$MethodInvocationAgent.invoke(TestInvoker.java:824)
at org.testng.internal.TestInvoker.invokeTestMethods(TestInvoker.java:146)
at org.testng.internal.TestMethodWorker.invokeTestMethods(TestMethodWorker.java:146)
at org.testng.internal.TestMethodWorker.run(TestMethodWorker.java:128)
at java.base/java.util.ArrayList.forEach(ArrayList.java:1511)
at org.testng.TestRunner.privateRun(TestRunner.java:794)
at org.testng.TestRunner.run(TestRunner.java:596)
at org.testng.SuiteRunner.runTest(SuiteRunner.java:377)
at org.testng.SuiteRunner.runSequentially(SuiteRunner.java:371)
at org.testng.SuiteRunner.privateRun(SuiteRunner.java:332)
at org.testng.SuiteRunner.run(SuiteRunner.java:276)
at org.testng.SuiteRunnerWorker.runSuite(SuiteRunnerWorker.java:53)
at org.testng.SuiteRunnerWorker.run(SuiteRunnerWorker.java:96)
at org.testng.TestNG.runSuitesSequentially(TestNG.java:1212)
at org.testng.TestNG.runSuitesLocally(TestNG.java:1134)
at org.testng.TestNG.runSuites(TestNG.java:1063)
at org.testng.TestNG.run(TestNG.java:1031)
at org.testng.remote.AbstractRemoteTestNG.run(AbstractRemoteTestNG.java:115)
at org.testng.remote.RemoteTestNG.initAndRun(RemoteTestNG.java:293)
at org.testng.remote.RemoteTestNG.main(RemoteTestNG.java:91)
]]>
            </full-stacktrace>
          </exception> <!-- java.lang.AssertionError -->
          <reporter-output>
          </reporter-output>
        </test-method> <!-- idLocator -->
        <test-method is-config="true" signature="tearDown()[pri:0, instance:curs17.SeleniumLocators@57cf54e1]" started-at="2024-05-15T20:38:59 OESZ" name="tearDown" finished-at="2024-05-15T20:39:04 OESZ" duration-ms="5148" status="PASS">
          <reporter-output>
          </reporter-output>
        </test-method> <!-- tearDown -->
      </class> <!-- curs17.SeleniumLocators -->
    </test> <!-- Default test -->
  </suite> <!-- Default suite -->
</testng-results>
